Wed Sep 08 13:49:13 CEST 2010  [debug] AvalonLogChute initialized using file 'velocity.log'
Wed Sep 08 13:49:13 CEST 2010  [trace] *******************************************************************
Wed Sep 08 13:49:13 CEST 2010  [debug] Starting Apache Velocity v1.5 (compiled: 2007-02-22 08:52:29)
Wed Sep 08 13:49:13 CEST 2010  [trace] RuntimeInstance initializing.
Wed Sep 08 13:49:13 CEST 2010  [debug] Default Properties File: org\apache\velocity\runtime\defaults\velocity.properties
Wed Sep 08 13:49:13 CEST 2010  [debug] Trying to use logger class org.apache.velocity.runtime.log.AvalonLogChute
Wed Sep 08 13:49:13 CEST 2010  [debug] Using logger class org.apache.velocity.runtime.log.AvalonLogChute
Wed Sep 08 13:49:13 CEST 2010  [debug] Default ResourceManager initializing. (class org.apache.velocity.runtime.resource.ResourceManagerImpl)
Wed Sep 08 13:49:13 CEST 2010  [debug] ResourceLoader instantiated: org.apache.velocity.runtime.resource.loader.JarResourceLoader
Wed Sep 08 13:49:13 CEST 2010  [trace] JarResourceLoader : initialization starting.
Wed Sep 08 13:49:13 CEST 2010  [debug] JarResourceLoader # of paths : 1
Wed Sep 08 13:49:13 CEST 2010  [debug] JarResourceLoader : trying to load "jar:file:/C:/Users/pg/.m2/repository/org/codehaus/mojo/webstart/webstart-maven-plugin/1.0-beta-1/webstart-maven-plugin-1.0-beta-1.jar!/"
Wed Sep 08 13:49:13 CEST 2010  [debug] JarHolder: attempting to connect to jar:file:/C:/Users/pg/.m2/repository/org/codehaus/mojo/webstart/webstart-maven-plugin/1.0-beta-1/webstart-maven-plugin-1.0-beta-1.jar!/
Wed Sep 08 13:49:13 CEST 2010  [debug] JarHolder: initialized JAR: jar:file:/C:/Users/pg/.m2/repository/org/codehaus/mojo/webstart/webstart-maven-plugin/1.0-beta-1/webstart-maven-plugin-1.0-beta-1.jar!/
Wed Sep 08 13:49:13 CEST 2010  [trace] JarResourceLoader : initialization complete.
Wed Sep 08 13:49:13 CEST 2010  [debug] ResourceCache: initialized (class org.apache.velocity.runtime.resource.ResourceCacheImpl)
Wed Sep 08 13:49:13 CEST 2010  [trace] Default ResourceManager initialization complete.
Wed Sep 08 13:49:13 CEST 2010  [debug] Loaded System Directive: org.apache.velocity.runtime.directive.Literal
Wed Sep 08 13:49:13 CEST 2010  [debug] Loaded System Directive: org.apache.velocity.runtime.directive.Macro
Wed Sep 08 13:49:13 CEST 2010  [debug] Loaded System Directive: org.apache.velocity.runtime.directive.Parse
Wed Sep 08 13:49:13 CEST 2010  [debug] Loaded System Directive: org.apache.velocity.runtime.directive.Include
Wed Sep 08 13:49:13 CEST 2010  [debug] Loaded System Directive: org.apache.velocity.runtime.directive.Foreach
Wed Sep 08 13:49:13 CEST 2010  [debug] Created '20' parsers.
Wed Sep 08 13:49:13 CEST 2010  [trace] Velocimacro : initialization starting.
Wed Sep 08 13:49:13 CEST 2010  [debug] Velocimacro : "velocimacro.library" is not set.  Trying default library: VM_global_library.vm
Wed Sep 08 13:49:13 CEST 2010  [debug] Velocimacro : Default library not found.
Wed Sep 08 13:49:13 CEST 2010  [debug] Velocimacro : allowInline = true : VMs can be defined inline in templates
Wed Sep 08 13:49:13 CEST 2010  [debug] Velocimacro : allowInlineToOverride = false : VMs defined inline may NOT replace previous VM definitions
Wed Sep 08 13:49:13 CEST 2010  [debug] Velocimacro : allowInlineLocal = false : VMs defined inline will be global in scope if allowed.
Wed Sep 08 13:49:13 CEST 2010  [debug] Velocimacro : autoload off : VM system will not automatically reload global library macros
Wed Sep 08 13:49:13 CEST 2010  [trace] Velocimacro : Velocimacro : initialization complete.
Wed Sep 08 13:49:13 CEST 2010  [trace] RuntimeInstance successfully initialized.
Wed Sep 08 13:49:13 CEST 2010  [debug] ResourceManager : found default-jnlp-template.vm with loader org.apache.velocity.runtime.resource.loader.JarResourceLoader
