#
# An unexpected error has been detected by Java Runtime Environment:
#
#  EXCEPTION_ACCESS_VIOLATION (0xc0000005) at pc=0x0bdecaca, pid=5876, tid=4140
#
# Java VM: Java HotSpot(TM) Client VM (11.3-b02 mixed mode, sharing windows-x86)
# Problematic frame:
# C  [CLAud.ax+0xcaca]
#
# If you would like to submit a bug report, please visit:
#   http://java.sun.com/webapps/bugreport/crash.jsp
# The crash happened outside the Java Virtual Machine in native code.
# See problematic frame for where to report the bug.
#

---------------  T H R E A D  ---------------

Current thread (0x0489f000):  JavaThread "AWT-EventQueue-0" [_thread_in_native, id=4140, stack(0x04e70000,0x04ec0000)]

siginfo: ExceptionCode=0xc0000005, reading address 0x00000061

Registers:
EAX=0x00000061, EBX=0x00000000, ECX=0x04ebe79c, EDX=0x04ebe7b8
ESP=0x04ebe7b0, EBP=0x058cb190, ESI=0x80004001, EDI=0x00000000
EIP=0x0bdecaca, EFLAGS=0x00010202

Top of Stack: (sp=0x04ebe7b0)
0x04ebe7b0:   00000001 00000000 00650044 00610066
0x04ebe7c0:   006c0075 00200074 00690044 00650072
0x04ebe7d0:   00740063 006f0053 006e0075 00200064
0x04ebe7e0:   00650044 00690076 00650063 001c0000
0x04ebe7f0:   04ebe7fc 00000001 02720007 00000334
0x04ebe800:   776830bd 777047e0 0c4853d8 001c33f8
0x04ebe810:   00000001 001c4b30 04ebe82c 776a5883
0x04ebe820:   00000000 001c4b38 00000001 00000000 

Instructions: (pc=0x0bdecaca)
0x0bdecaba:   ff 51 30 8b f0 8b 84 24 08 01 00 00 85 c0 74 06
0x0bdecaca:   8b 08 50 ff 51 08 85 f6 5e 7c 40 6a 00 6a 00 8d 


Stack: [0x04e70000,0x04ec0000],  sp=0x04ebe7b0,  free space=313k
Native frames: (J=compiled Java code, j=interpreted, Vv=VM code, C=native code)
C  [CLAud.ax+0xcaca]

Java frames: (J=compiled Java code, j=interpreted, Vv=VM code)
j  com.sun.media.jmcimpl.plugins.directshow.DShowEngine.ndsSetSource(JLjava/lang/String;Ljava/lang/String;I)Z+0
j  com.sun.media.jmcimpl.plugins.directshow.DShowEngine.nSetSource(JLjava/lang/String;Ljava/lang/String;I)Z+10
j  com.sun.media.jmcimpl.plugins.directshow.DShowEngine.loadMedia(Ljava/net/URI;I)Z+90
j  com.sun.media.jmcimpl.plugins.directshow.DShowEngine.canPlay(Ljava/net/URI;ZLcom/sun/media/jmcimpl/plugins/directshow/DShowPlayer;)Lcom/sun/media/jmcimpl/plugins/directshow/DShowEngine;+31
j  com.sun.media.jmcimpl.plugins.directshow.DShowEngine.canPlay(Ljava/net/URI;Z)Lcom/sun/media/jmcimpl/plugins/directshow/DShowEngine;+3
j  com.sun.media.jmcimpl.plugins.directshow.DShowProvider.canPlay(Ljava/net/URI;)Lcom/sun/media/jmcimpl/spi/PlayerPeerProvider$PlaybackMode;+35
j  com.sun.media.jmcimpl.plugins.directshow.DShowProvider.canDecode(Ljava/net/URI;)Z+2
j  com.sun.media.jmcimpl.PeerManager.getMediaPeer(Ljava/net/URI;)Lcom/sun/media/jmcimpl/MediaPeer;+30
j  com.sun.media.jmc.Media.<init>(Ljava/net/URI;)V+26
j  javafx.scene.media.Media$_SBECL.onChange(Ljava/lang/Object;Ljava/lang/Object;)V+104
J  com.sun.javafx.runtime.location.ObjectVariable.notifyListeners(Ljava/lang/Object;Ljava/lang/Object;Z)V
J  com.sun.javafx.runtime.location.ObjectVariable.replaceValue(Ljava/lang/Object;)Ljava/lang/Object;
J  com.sun.javafx.runtime.location.ObjectVariable.set(Ljava/lang/Object;)Ljava/lang/Object;
j  javafx.scene.media.Media.set$source(Ljava/lang/String;)Ljava/lang/String;+16
j  com.sun.javafx.mediabox.MediaBox$_SBECL.onChange(Ljava/lang/Object;Ljava/lang/Object;)V+210
J  com.sun.javafx.runtime.location.ObjectVariable.notifyListeners(Ljava/lang/Object;Ljava/lang/Object;Z)V
J  com.sun.javafx.runtime.location.ObjectVariable.replaceValue(Ljava/lang/Object;)Ljava/lang/Object;
J  com.sun.javafx.runtime.location.ObjectVariable.set(Ljava/lang/Object;)Ljava/lang/Object;
j  com.sun.javafx.mediabox.MediaBox.set$mediaSource(Ljava/lang/String;)Ljava/lang/String;+15
j  eu.scy.client.tools.fxvideo.VideoNode.loadXML(Ljava/lang/String;)V+126
j  eu.scy.client.tools.fxvideo.EloVideoActionWrapper.loadElo(Ljava/net/URI;)V+238
j  eu.scy.client.tools.fxvideo.EloVideoActionWrapper.loadVideoAction()V+121
j  eu.scy.client.tools.fxvideo.VideoNode$1.lambda()V+17
j  eu.scy.client.tools.fxvideo.VideoNode$1.invoke()Ljava/lang/Void;+1
j  eu.scy.client.tools.fxvideo.VideoNode$1.invoke()Ljava/lang/Object;+1
j  javafx.scene.control.Button.fire()V+13
j  com.sun.javafx.scene.control.ButtonBaseBehavior.mouseRelease(Ljavafx/scene/input/MouseEvent;)V+49
j  com.sun.javafx.scene.control.caspian.AbstractButtonSkin$4.lambda(Ljavafx/scene/input/MouseEvent;)V+18
j  com.sun.javafx.scene.control.caspian.AbstractButtonSkin$4.invoke(Ljavafx/scene/input/MouseEvent;)Ljava/lang/Void;+2
j  com.sun.javafx.scene.control.caspian.AbstractButtonSkin$4.invoke(Ljava/lang/Object;)Ljava/lang/Object;+5
j  javafx.scene.Node.impl_processMouseEvent(Ljavafx/scene/input/MouseEvent;)V+91
j  javafx.scene.Node.preprocessMouseEvent(Ljavafx/scene/input/MouseEvent;)V+143
J  javafx.scene.Scene$MouseHandler.process(Ljavafx/scene/input/MouseEvent;Z)V
j  javafx.scene.Scene$MouseHandler.process(Ljavafx/scene/input/MouseEvent;)V+5
j  javafx.scene.Scene.impl_processMouseEvent(Ljavafx/scene/input/MouseEvent;)V+14
j  javafx.scene.Scene$ScenePeerListener.mouseEvent(Ljava/lang/Object;)V+35
j  com.sun.javafx.tk.swing.SwingScene$SwingScenePanel.doMouseEvent(Ljava/awt/event/MouseEvent;)V+18
j  com.sun.javafx.tk.swing.SwingScene$SwingScenePanel.mouseReleased(Ljava/awt/event/MouseEvent;)V+2
j  java.awt.Component.processMouseEvent(Ljava/awt/event/MouseEvent;)V+64
j  javax.swing.JComponent.processMouseEvent(Ljava/awt/event/MouseEvent;)V+23
j  java.awt.Component.processEvent(Ljava/awt/AWTEvent;)V+81
j  java.awt.Container.processEvent(Ljava/awt/AWTEvent;)V+18
j  java.awt.Component.dispatchEventImpl(Ljava/awt/AWTEvent;)V+562
j  java.awt.Container.dispatchEventImpl(Ljava/awt/AWTEvent;)V+42
J  java.awt.LightweightDispatcher.retargetMouseEvent(Ljava/awt/Component;ILjava/awt/event/MouseEvent;)V
j  java.awt.LightweightDispatcher.processMouseEvent(Ljava/awt/event/MouseEvent;)Z+139
j  java.awt.LightweightDispatcher.dispatchEvent(Ljava/awt/AWTEvent;)Z+50
j  java.awt.Container.dispatchEventImpl(Ljava/awt/AWTEvent;)V+12
j  java.awt.Window.dispatchEventImpl(Ljava/awt/AWTEvent;)V+19
J  java.awt.EventQueue.dispatchEvent(Ljava/awt/AWTEvent;)V
J  java.awt.EventDispatchThread.pumpOneEventForFilters(I)Z
j  java.awt.EventDispatchThread.pumpEventsForFilter(ILjava/awt/Conditional;Ljava/awt/EventFilter;)V+30
j  java.awt.EventDispatchThread.pumpEventsForHierarchy(ILjava/awt/Conditional;Ljava/awt/Component;)V+11
j  java.awt.EventDispatchThread.pumpEvents(ILjava/awt/Conditional;)V+4
j  java.awt.EventDispatchThread.pumpEvents(Ljava/awt/Conditional;)V+3
j  java.awt.EventDispatchThread.run()V+9
v  ~StubRoutines::call_stub

---------------  P R O C E S S  ---------------

Java Threads: ( => current thread )
  0x051c5800 JavaThread "JavaFX DirectShow manager" [_thread_in_native, id=5904, stack(0x0c330000,0x0c380000)]
  0x098b6c00 JavaThread "pool-2-thread-1" [_thread_blocked, id=4792, stack(0x0c290000,0x0c2e0000)]
  0x051bc800 JavaThread "TimerQueue" daemon [_thread_blocked, id=5648, stack(0x04ec0000,0x04f10000)]
  0x05106400 JavaThread "D3D Screen Updater" daemon [_thread_blocked, id=3708, stack(0x08760000,0x087b0000)]
  0x051a9c00 JavaThread "pool-1-thread-1" daemon [_thread_blocked, id=3328, stack(0x08610000,0x08660000)]
  0x051a9800 JavaThread "Long sleeping thread" daemon [_thread_blocked, id=1976, stack(0x085c0000,0x08610000)]
  0x0156a400 JavaThread "DestroyJavaVM" [_thread_blocked, id=4716, stack(0x001f0000,0x00240000)]
=>0x0489f000 JavaThread "AWT-EventQueue-0" [_thread_in_native, id=4140, stack(0x04e70000,0x04ec0000)]
  0x0489ec00 JavaThread "AWT-Windows" daemon [_thread_in_native, id=4456, stack(0x04770000,0x047c0000)]
  0x04838000 JavaThread "AWT-Shutdown" [_thread_blocked, id=4988, stack(0x04720000,0x04770000)]
  0x04837800 JavaThread "Java2D Disposer" daemon [_thread_blocked, id=4236, stack(0x04630000,0x04680000)]
  0x02360000 JavaThread "Low Memory Detector" daemon [_thread_blocked, id=4492, stack(0x04590000,0x045e0000)]
  0x0234b800 JavaThread "CompilerThread0" daemon [_thread_blocked, id=6032, stack(0x04540000,0x04590000)]
  0x0234a000 JavaThread "Attach Listener" daemon [_thread_blocked, id=4448, stack(0x044f0000,0x04540000)]
  0x0233f400 JavaThread "Signal Dispatcher" daemon [_thread_blocked, id=5792, stack(0x044a0000,0x044f0000)]
  0x02335c00 JavaThread "Finalizer" daemon [_thread_blocked, id=5076, stack(0x04450000,0x044a0000)]
  0x02334800 JavaThread "Reference Handler" daemon [_thread_blocked, id=4652, stack(0x04400000,0x04450000)]

Other Threads:
  0x02332c00 VMThread [stack: 0x01510000,0x01560000] [id=4208]
  0x02362000 WatcherThread [stack: 0x045e0000,0x04630000] [id=3176]

VM state:not at safepoint (normal execution)

VM Mutex/Monitor currently owned by a thread: None

Heap
 def new generation   total 960K, used 264K [0x24800000, 0x24900000, 0x24ce0000)
  eden space 896K,  26% used [0x24800000, 0x2483b608, 0x248e0000)
  from space 64K,  42% used [0x248e0000, 0x248e6d50, 0x248f0000)
  to   space 64K,   0% used [0x248f0000, 0x248f0000, 0x24900000)
 tenured generation   total 9256K, used 8287K [0x24ce0000, 0x255ea000, 0x28800000)
   the space 9256K,  89% used [0x24ce0000, 0x254f7d08, 0x254f7e00, 0x255ea000)
 compacting perm gen  total 14336K, used 14094K [0x28800000, 0x29600000, 0x2c800000)
   the space 14336K,  98% used [0x28800000, 0x295c3948, 0x295c3a00, 0x29600000)
    ro space 8192K,  67% used [0x2c800000, 0x2cd67ea8, 0x2cd68000, 0x2d000000)
    rw space 12288K,  53% used [0x2d000000, 0x2d675530, 0x2d675600, 0x2dc00000)

Dynamic libraries:
0x00400000 - 0x00424000 	C:\Java\jdk1.6.0_13\bin\java.exe
0x77640000 - 0x77767000 	C:\Windows\system32\ntdll.dll
0x76130000 - 0x7620b000 	C:\Windows\system32\kernel32.dll
0x75fe0000 - 0x760a6000 	C:\Windows\system32\ADVAPI32.dll
0x76370000 - 0x76432000 	C:\Windows\system32\RPCRT4.dll
0x7c340000 - 0x7c396000 	C:\Java\jdk1.6.0_13\jre\bin\msvcr71.dll
0x6d8b0000 - 0x6db06000 	C:\Java\jdk1.6.0_13\jre\bin\client\jvm.dll
0x77230000 - 0x772cd000 	C:\Windows\system32\USER32.dll
0x77460000 - 0x774ab000 	C:\Windows\system32\GDI32.dll
0x73b50000 - 0x73b82000 	C:\Windows\system32\WINMM.dll
0x77590000 - 0x7763a000 	C:\Windows\system32\msvcrt.dll
0x765d0000 - 0x76714000 	C:\Windows\system32\ole32.dll
0x77810000 - 0x7789d000 	C:\Windows\system32\OLEAUT32.dll
0x73b10000 - 0x73b49000 	C:\Windows\system32\OLEACC.dll
0x777f0000 - 0x7780e000 	C:\Windows\system32\IMM32.DLL
0x76210000 - 0x762d8000 	C:\Windows\system32\MSCTF.dll
0x75ce0000 - 0x75d0c000 	C:\Windows\system32\apphelp.dll
0x77780000 - 0x77789000 	C:\Windows\system32\LPK.DLL
0x760b0000 - 0x7612d000 	C:\Windows\system32\USP10.dll
0x6d340000 - 0x6d348000 	C:\Java\jdk1.6.0_13\jre\bin\hpi.dll
0x75e10000 - 0x75e17000 	C:\Windows\system32\PSAPI.DLL
0x6d860000 - 0x6d86c000 	C:\Java\jdk1.6.0_13\jre\bin\verify.dll
0x6d3e0000 - 0x6d3ff000 	C:\Java\jdk1.6.0_13\jre\bin\java.dll
0x6d8a0000 - 0x6d8af000 	C:\Java\jdk1.6.0_13\jre\bin\zip.dll
0x6d0b0000 - 0x6d1fa000 	C:\Java\jdk1.6.0_13\jre\bin\awt.dll
0x70ab0000 - 0x70af2000 	C:\Windows\system32\WINSPOOL.DRV
0x74df0000 - 0x74f8e000 	C:\Windows\WinSxS\x86_microsoft.windows.common-controls_6595b64144ccf1df_6.0.6001.18000_none_5cdbaa5a083979cc\comctl32.dll
0x76520000 - 0x76578000 	C:\Windows\system32\SHLWAPI.dll
0x733b0000 - 0x733bc000 	C:\Windows\system32\DWMAPI.DLL
0x74810000 - 0x7484f000 	C:\Windows\system32\uxtheme.dll
0x76720000 - 0x77230000 	C:\Windows\system32\shell32.dll
0x6d2e0000 - 0x6d334000 	C:\Java\jdk1.6.0_13\jre\bin\fontmanager.dll
0x6d6c0000 - 0x6d6d3000 	C:\Java\jdk1.6.0_13\jre\bin\net.dll
0x764f0000 - 0x7651d000 	C:\Windows\system32\WS2_32.dll
0x777e0000 - 0x777e6000 	C:\Windows\system32\NSI.dll
0x75460000 - 0x7549b000 	C:\Windows\system32\mswsock.dll
0x75680000 - 0x75685000 	C:\Windows\System32\wship6.dll
0x6d6e0000 - 0x6d6e9000 	C:\Java\jdk1.6.0_13\jre\bin\nio.dll
0x6f960000 - 0x6fb1a000 	C:\Windows\system32\d3d9.dll
0x75690000 - 0x75698000 	C:\Windows\system32\VERSION.dll
0x70560000 - 0x70566000 	C:\Windows\system32\d3d8thk.dll
0x67df0000 - 0x6854c000 	C:\Windows\system32\nvd3dum.dll
0x75260000 - 0x7527a000 	C:\Windows\system32\powrprof.dll
0x6d250000 - 0x6d273000 	C:\Java\jdk1.6.0_13\jre\bin\dcpr.dll
0x10000000 - 0x10006000 	C:\Program Files\NetBeans 6.7.1\javafx2\javafx-sdk\lib\desktop\decora-d3d.dll
0x7c3c0000 - 0x7c43c000 	C:\Program Files\NetBeans 6.7.1\javafx2\javafx-sdk\lib\desktop\msvcp71.dll
0x0a6b0000 - 0x0a747000 	C:\Program Files\NetBeans 6.7.1\javafx2\javafx-sdk\lib\desktop\jmc.dll
0x762e0000 - 0x76364000 	C:\Windows\system32\CLBCatQ.DLL
0x6b170000 - 0x6b2e3000 	C:\Windows\system32\quartz.dll
0x70050000 - 0x70063000 	C:\Windows\system32\DXVA2.DLL
0x75eb0000 - 0x75fda000 	C:\Windows\system32\URLMon.dll
0x77790000 - 0x777d6000 	C:\Windows\system32\iertutil.dll
0x774b0000 - 0x77581000 	C:\Windows\system32\WININET.dll
0x77770000 - 0x77773000 	C:\Windows\system32\Normaliz.dll
0x75d40000 - 0x75d54000 	C:\Windows\system32\Secur32.dll
0x751c0000 - 0x751c5000 	C:\Windows\System32\wshtcpip.dll
0x6fd90000 - 0x6fda3000 	C:\Windows\system32\devenum.dll
0x73e10000 - 0x73e1b000 	C:\Windows\system32\msdmo.dll
0x69370000 - 0x693a6000 	C:\Windows\system32\qasf.dll
0x74170000 - 0x74187000 	C:\Windows\System32\mp3dmod.dll
0x730d0000 - 0x73106000 	C:\Windows\system32\mfplat.dll
0x751d0000 - 0x751d7000 	C:\Windows\system32\AVRT.dll
0x739b0000 - 0x739df000 	C:\Windows\system32\wdmaud.drv
0x73ae0000 - 0x73ae4000 	C:\Windows\system32\ksuser.dll
0x74f90000 - 0x74fb7000 	C:\Windows\system32\MMDevAPI.DLL
0x772d0000 - 0x7745a000 	C:\Windows\system32\SETUPAPI.dll
0x75130000 - 0x7515d000 	C:\Windows\system32\WINTRUST.dll
0x757f0000 - 0x758e1000 	C:\Windows\system32\CRYPT32.dll
0x75950000 - 0x75962000 	C:\Windows\system32\MSASN1.dll
0x75d60000 - 0x75d7e000 	C:\Windows\system32\USERENV.dll
0x76440000 - 0x76469000 	C:\Windows\system32\imagehlp.dll
0x737a0000 - 0x737c1000 	C:\Windows\system32\AUDIOSES.DLL
0x73730000 - 0x73796000 	C:\Windows\system32\audioeng.dll
0x73640000 - 0x73649000 	C:\Windows\system32\msacm32.drv
0x73620000 - 0x73634000 	C:\Windows\system32\MSACM32.dll
0x73610000 - 0x73617000 	C:\Windows\system32\midimap.dll
0x6dc80000 - 0x6dcf0000 	C:\Windows\system32\DSOUND.DLL
0x6c370000 - 0x6c5bb000 	C:\Windows\system32\wmvcore.dll
0x6e520000 - 0x6e559000 	C:\Windows\system32\WMASF.DLL
0x73bf0000 - 0x73d9b000 	C:\Windows\WinSxS\x86_microsoft.windows.gdiplus_6595b64144ccf1df_1.0.6001.18175_none_9e7bbe54c9c04bca\gdiplus.dll
0x70400000 - 0x70430000 	C:\Windows\system32\mlang.dll
0x752a0000 - 0x752db000 	C:\Windows\system32\rsaenh.dll
0x6f390000 - 0x6f95e000 	C:\Windows\system32\ieframe.dll
0x701a0000 - 0x701f3000 	C:\Windows\System32\actxprxy.dll
0x66c70000 - 0x66d6b000 	C:\Windows\System32\WMNetMgr.dll
0x756b0000 - 0x756b7000 	C:\Windows\system32\credssp.dll
0x75550000 - 0x75595000 	C:\Windows\system32\schannel.dll
0x75990000 - 0x75a05000 	C:\Windows\system32\NETAPI32.dll
0x755a0000 - 0x755d8000 	C:\Windows\system32\msv1_0.dll
0x75a40000 - 0x75a51000 	C:\Windows\system32\cryptdll.dll
0x75520000 - 0x7554d000 	C:\Windows\system32\wdigest.dll
0x73da0000 - 0x73dea000 	C:\Windows\system32\RASAPI32.dll
0x73bd0000 - 0x73be4000 	C:\Windows\system32\rasman.dll
0x73b90000 - 0x73bc1000 	C:\Windows\system32\TAPI32.dll
0x73ec0000 - 0x73ecc000 	C:\Windows\system32\rtutils.dll
0x72070000 - 0x72076000 	C:\Windows\system32\sensapi.dll
0x75750000 - 0x75769000 	C:\Windows\system32\iphlpapi.dll
0x75710000 - 0x75745000 	C:\Windows\system32\dhcpcsvc.DLL
0x75a10000 - 0x75a3c000 	C:\Windows\system32\DNSAPI.dll
0x75c80000 - 0x75c87000 	C:\Windows\system32\WINNSI.DLL
0x756e0000 - 0x75701000 	C:\Windows\system32\dhcpcsvc6.DLL
0x751a0000 - 0x751af000 	C:\Windows\system32\NLAapi.dll
0x71210000 - 0x71216000 	C:\Windows\system32\rasadhlp.dll
0x1c400000 - 0x1c428000 	C:\Program Files\CyberLink\PowerDirector\PDM1Splter.ax
0x780c0000 - 0x78121000 	C:\Program Files\CyberLink\PowerDirector\MSVCP60.dll
0x0a750000 - 0x0a77a000 	C:\Program Files\CyberLink\PowerDirector\PDM2Splter.ax
0x0b1e0000 - 0x0b20a000 	C:\Program Files\CyberLink\Power2Go\P2Gm2spliter.ax
0x0b990000 - 0x0b9b8000 	C:\Program Files\CyberLink\Power2Go\P2Gm1spliter.ax
0x0b9c0000 - 0x0b9f7000 	C:\Program Files\CyberLink\PowerDVD\NavFilter\CLDemuxer.ax
0x6e3c0000 - 0x6e3ef000 	C:\Windows\System32\mpg2splt.ax
0x751e0000 - 0x75201000 	C:\Windows\system32\NTMARTA.DLL
0x76580000 - 0x765ca000 	C:\Windows\system32\WLDAP32.dll
0x75970000 - 0x75981000 	C:\Windows\system32\SAMLIB.dll
0x0ba00000 - 0x0ba21000 	C:\Program Files\CyberLink\PowerDVD\NavFilter\clm4splt.ax
0x6b080000 - 0x6b165000 	C:\Windows\system32\DDRAW.dll
0x70460000 - 0x70466000 	C:\Windows\system32\DCIMAN32.dll
0x6c160000 - 0x6c22c000 	C:\Windows\system32\D3DIM700.DLL
0x0bb20000 - 0x0bb35000 	C:\Windows\system32\AVSVideoInfoConvertInfTee.dll
0x0bb40000 - 0x0bb4f000 	C:\Program Files\CyberLink\Power2Go\P2GMP3Wrap.ax
0x0bde0000 - 0x0bf18000 	C:\Program Files\CyberLink\PowerDVD\AudioFilter\CLAud.ax
0x0bcb0000 - 0x0bcd4000 	C:\Windows\system32\RTCOM\RtlCPAPI.dll
0x0c030000 - 0x0c085000 	C:\Windows\system32\SRSTSXT.dll
0x735c0000 - 0x73609000 	C:\Windows\System32\audiokse.dll
0x67590000 - 0x675f4000 	C:\Windows\System32\msmpeg2adec.dll
0x757b0000 - 0x757ea000 	C:\Windows\System32\slc.dll

VM Arguments:
jvm_args: -Djava.library.path=C:\Program Files\NetBeans 6.7.1\javafx2\javafx-sdk\bin\..\lib\desktop 
java_command: com.sun.javafx.runtime.Main eu.scy.client.tools.fxvideo.Main
Launcher Type: SUN_STANDARD

Environment Variables:
JAVA_HOME=C:\Java\jdk1.6.0_13
CLASSPATH=.;C:\Program Files\QuickTime\QTSystem\QTJava.zip,C:\Java\JavaFX\javafx-sdk1.2\bin
PATH=C:\Program Files\MiKTeX 2.8\miktex\bin;C:\Windows\system32;C:\Windows;C:\Windows\System32\Wbem;C:\Program Files\QuickTime\QTSystem\;C:\Java\JavaFX\javafx-sdk1.2;C:\Java\jdk1.6.0_13\bin;C:\Program Files\apache-maven-2.2.1\bin;C:\Java\JavaFX\javafx-sdk1.2\bin;c:\Program Files\Microsoft SQL Server\90\Tools\binn\
USERNAME=pg
OS=Windows_NT
PROCESSOR_IDENTIFIER=x86 Family 6 Model 15 Stepping 13, GenuineIntel



---------------  S Y S T E M  ---------------

OS: Windows Vista Build 6001 Service Pack 1

CPU:total 2 (2 cores per cpu, 1 threads per core) family 6 model 15 stepping 13, cmov, cx8, fxsr, mmx, sse, sse2, sse3, ssse3

Memory: 4k page, physical 2094788k(464204k free), swap 4194303k(2618032k free)

vm_info: Java HotSpot(TM) Client VM (11.3-b02) for windows-x86 JRE (1.6.0_13-b03), built on Mar  9 2009 01:15:24 by "java_re" with MS VC++ 7.1

time: Mon Nov 30 10:37:15 2009
elapsed time: 90 seconds

